This is pdfTeX, Version 3.141592653-2.6-1.40.22 (TeX Live 2021) (preloaded format=pdflatex 2021.5.13)  13 MAY 2021 14:48
entering extended mode
 restricted \write18 enabled.
 %&-line parsing enabled.
**jake_sauter_final_report.tex
(./jake_sauter_final_report.tex
LaTeX2e <2020-10-01> patch level 4
L3 programming layer <2021-05-07> (/Users/sauterj1/Library/TinyTeX/texmf-dist/t
ex/latex/base/article.cls
Document Class: article 2020/04/10 v1.4m Standard LaTeX document class
(/Users/sauterj1/Library/TinyTeX/texmf-dist/tex/latex/base/size10.clo
File: size10.clo 2020/04/10 v1.4m Standard LaTeX file (size option)
)
\c@part=\count179
\c@section=\count180
\c@subsection=\count181
\c@subsubsection=\count182
\c@paragraph=\count183
\c@subparagraph=\count184
\c@figure=\count185
\c@table=\count186
\abovecaptionskip=\skip47
\belowcaptionskip=\skip48
\bibindent=\dimen138
) (/Users/sauterj1/Library/TinyTeX/texmf-dist/tex/latex/amsmath/amsmath.sty
Package: amsmath 2020/09/23 v2.17i AMS math features
\@mathmargin=\skip49
For additional information on amsmath, use the `?' option.
(/Users/sauterj1/Library/TinyTeX/texmf-dist/tex/latex/amsmath/amstext.sty
Package: amstext 2000/06/29 v2.01 AMS text
(/Users/sauterj1/Library/TinyTeX/texmf-dist/tex/latex/amsmath/amsgen.sty
File: amsgen.sty 1999/11/30 v2.0 generic functions
\@emptytoks=\toks15
\ex@=\dimen139
)) (/Users/sauterj1/Library/TinyTeX/texmf-dist/tex/latex/amsmath/amsbsy.sty
Package: amsbsy 1999/11/29 v1.2d Bold Symbols
\pmbraise@=\dimen140
) (/Users/sauterj1/Library/TinyTeX/texmf-dist/tex/latex/amsmath/amsopn.sty
Package: amsopn 2016/03/08 v2.02 operator names
)
\inf@bad=\count187
LaTeX Info: Redefining \frac on input line 234.
\uproot@=\count188
\leftroot@=\count189
LaTeX Info: Redefining \overline on input line 399.
\classnum@=\count190
\DOTSCASE@=\count191
LaTeX Info: Redefining \ldots on input line 496.
LaTeX Info: Redefining \dots on input line 499.
LaTeX Info: Redefining \cdots on input line 620.
\Mathstrutbox@=\box47
\strutbox@=\box48
\big@size=\dimen141
LaTeX Font Info:    Redeclaring font encoding OML on input line 743.
LaTeX Font Info:    Redeclaring font encoding OMS on input line 744.
\macc@depth=\count192
\c@MaxMatrixCols=\count193
\dotsspace@=\muskip16
\c@parentequation=\count194
\dspbrk@lvl=\count195
\tag@help=\toks16
\row@=\count196
\column@=\count197
\maxfields@=\count198
\andhelp@=\toks17
\eqnshift@=\dimen142
\alignsep@=\dimen143
\tagshift@=\dimen144
\tagwidth@=\dimen145
\totwidth@=\dimen146
\lineht@=\dimen147
\@envbody=\toks18
\multlinegap=\skip50
\multlinetaggap=\skip51
\mathdisplay@stack=\toks19
LaTeX Info: Redefining \[ on input line 2923.
LaTeX Info: Redefining \] on input line 2924.
) (/Users/sauterj1/Library/TinyTeX/texmf-dist/tex/latex/amsfonts/amssymb.sty
Package: amssymb 2013/01/14 v3.01 AMS font symbols
(/Users/sauterj1/Library/TinyTeX/texmf-dist/tex/latex/amsfonts/amsfonts.sty
Package: amsfonts 2013/01/14 v3.01 Basic AMSFonts support
\symAMSa=\mathgroup4
\symAMSb=\mathgroup5
LaTeX Font Info:    Redeclaring math symbol \hbar on input line 98.
LaTeX Font Info:    Overwriting math alphabet `\mathfrak' in version `bold'
(Font)                  U/euf/m/n --> U/euf/b/n on input line 106.
)) (/Users/sauterj1/Library/TinyTeX/texmf-dist/tex/latex/lm/lmodern.sty
Package: lmodern 2015/05/01 v1.6.1 Latin Modern Fonts
LaTeX Font Info:    Overwriting symbol font `operators' in version `normal'
(Font)                  OT1/cmr/m/n --> OT1/lmr/m/n on input line 22.
LaTeX Font Info:    Overwriting symbol font `letters' in version `normal'
(Font)                  OML/cmm/m/it --> OML/lmm/m/it on input line 23.
LaTeX Font Info:    Overwriting symbol font `symbols' in version `normal'
(Font)                  OMS/cmsy/m/n --> OMS/lmsy/m/n on input line 24.
LaTeX Font Info:    Overwriting symbol font `largesymbols' in version `normal'
(Font)                  OMX/cmex/m/n --> OMX/lmex/m/n on input line 25.
LaTeX Font Info:    Overwriting symbol font `operators' in version `bold'
(Font)                  OT1/cmr/bx/n --> OT1/lmr/bx/n on input line 26.
LaTeX Font Info:    Overwriting symbol font `letters' in version `bold'
(Font)                  OML/cmm/b/it --> OML/lmm/b/it on input line 27.
LaTeX Font Info:    Overwriting symbol font `symbols' in version `bold'
(Font)                  OMS/cmsy/b/n --> OMS/lmsy/b/n on input line 28.
LaTeX Font Info:    Overwriting symbol font `largesymbols' in version `bold'
(Font)                  OMX/cmex/m/n --> OMX/lmex/m/n on input line 29.
LaTeX Font Info:    Overwriting math alphabet `\mathbf' in version `normal'
(Font)                  OT1/cmr/bx/n --> OT1/lmr/bx/n on input line 31.
LaTeX Font Info:    Overwriting math alphabet `\mathsf' in version `normal'
(Font)                  OT1/cmss/m/n --> OT1/lmss/m/n on input line 32.
LaTeX Font Info:    Overwriting math alphabet `\mathit' in version `normal'
(Font)                  OT1/cmr/m/it --> OT1/lmr/m/it on input line 33.
LaTeX Font Info:    Overwriting math alphabet `\mathtt' in version `normal'
(Font)                  OT1/cmtt/m/n --> OT1/lmtt/m/n on input line 34.
LaTeX Font Info:    Overwriting math alphabet `\mathbf' in version `bold'
(Font)                  OT1/cmr/bx/n --> OT1/lmr/bx/n on input line 35.
LaTeX Font Info:    Overwriting math alphabet `\mathsf' in version `bold'
(Font)                  OT1/cmss/bx/n --> OT1/lmss/bx/n on input line 36.
LaTeX Font Info:    Overwriting math alphabet `\mathit' in version `bold'
(Font)                  OT1/cmr/bx/it --> OT1/lmr/bx/it on input line 37.
LaTeX Font Info:    Overwriting math alphabet `\mathtt' in version `bold'
(Font)                  OT1/cmtt/m/n --> OT1/lmtt/m/n on input line 38.
) (/Users/sauterj1/Library/TinyTeX/texmf-dist/tex/generic/iftex/ifxetex.sty
Package: ifxetex 2019/10/25 v0.7 ifxetex legacy package. Use iftex instead.
(/Users/sauterj1/Library/TinyTeX/texmf-dist/tex/generic/iftex/iftex.sty
Package: iftex 2020/03/06 v1.0d TeX engine tests
)) (/Users/sauterj1/Library/TinyTeX/texmf-dist/tex/generic/iftex/ifluatex.sty
Package: ifluatex 2019/10/25 v1.5 ifluatex legacy package. Use iftex instead.
) (/Users/sauterj1/Library/TinyTeX/texmf-dist/tex/latex/base/fontenc.sty
Package: fontenc 2020/08/10 v2.0s Standard LaTeX package
LaTeX Font Info:    Trying to load font information for T1+lmr on input line 11
2.
(/Users/sauterj1/Library/TinyTeX/texmf-dist/tex/latex/lm/t1lmr.fd
File: t1lmr.fd 2015/05/01 v1.6.1 Font defs for Latin Modern
)) (/Users/sauterj1/Library/TinyTeX/texmf-dist/tex/latex/base/inputenc.sty
Package: inputenc 2020/08/01 v1.3d Input encoding file
\inpenc@prehook=\toks20
\inpenc@posthook=\toks21
) (/Users/sauterj1/Library/TinyTeX/texmf-dist/tex/latex/base/textcomp.sty
Package: textcomp 2020/02/02 v2.0n Standard LaTeX package
) (/Users/sauterj1/Library/TinyTeX/texmf-dist/tex/latex/xcolor/xcolor.sty
Package: xcolor 2016/05/11 v2.12 LaTeX color extensions (UK)
(/Users/sauterj1/Library/TinyTeX/texmf-dist/tex/latex/graphics-cfg/color.cfg
File: color.cfg 2016/01/02 v1.6 sample color configuration
)
Package xcolor Info: Driver file: pdftex.def on input line 225.
(/Users/sauterj1/Library/TinyTeX/texmf-dist/tex/latex/graphics-def/pdftex.def
File: pdftex.def 2020/10/05 v1.2a Graphics/color driver for pdftex
)
Package xcolor Info: Model `cmy' substituted by `cmy0' on input line 1348.
Package xcolor Info: Model `hsb' substituted by `rgb' on input line 1352.
Package xcolor Info: Model `RGB' extended on input line 1364.
Package xcolor Info: Model `HTML' substituted by `rgb' on input line 1366.
Package xcolor Info: Model `Hsb' substituted by `hsb' on input line 1367.
Package xcolor Info: Model `tHsb' substituted by `hsb' on input line 1368.
Package xcolor Info: Model `HSB' substituted by `hsb' on input line 1369.
Package xcolor Info: Model `Gray' substituted by `gray' on input line 1370.
Package xcolor Info: Model `wave' substituted by `hsb' on input line 1371.
) (/Users/sauterj1/Library/TinyTeX/texmf-dist/tex/latex/hyperref/hyperref.sty
Package: hyperref 2021-02-27 v7.00k Hypertext links for LaTeX
(/Users/sauterj1/Library/TinyTeX/texmf-dist/tex/generic/ltxcmds/ltxcmds.sty
Package: ltxcmds 2020-05-10 v1.25 LaTeX kernel commands for general use (HO)
)
(/Users/sauterj1/Library/TinyTeX/texmf-dist/tex/generic/pdftexcmds/pdftexcmds.s
ty
Package: pdftexcmds 2020-06-27 v0.33 Utility functions of pdfTeX for LuaTeX (HO
)

(/Users/sauterj1/Library/TinyTeX/texmf-dist/tex/generic/infwarerr/infwarerr.sty
Package: infwarerr 2019/12/03 v1.5 Providing info/warning/error messages (HO)
)
Package pdftexcmds Info: \pdf@primitive is available.
Package pdftexcmds Info: \pdf@ifprimitive is available.
Package pdftexcmds Info: \pdfdraftmode found.
) (/Users/sauterj1/Library/TinyTeX/texmf-dist/tex/latex/graphics/keyval.sty
Package: keyval 2014/10/28 v1.15 key=value parser (DPC)
\KV@toks@=\toks22
)
(/Users/sauterj1/Library/TinyTeX/texmf-dist/tex/generic/kvsetkeys/kvsetkeys.sty
Package: kvsetkeys 2019/12/15 v1.18 Key value parser (HO)
)
(/Users/sauterj1/Library/TinyTeX/texmf-dist/tex/generic/kvdefinekeys/kvdefineke
ys.sty
Package: kvdefinekeys 2019-12-19 v1.6 Define keys (HO)
)
(/Users/sauterj1/Library/TinyTeX/texmf-dist/tex/generic/pdfescape/pdfescape.sty
Package: pdfescape 2019/12/09 v1.15 Implements pdfTeX's escape features (HO)
) (/Users/sauterj1/Library/TinyTeX/texmf-dist/tex/latex/hycolor/hycolor.sty
Package: hycolor 2020-01-27 v1.10 Color options for hyperref/bookmark (HO)
)
(/Users/sauterj1/Library/TinyTeX/texmf-dist/tex/latex/letltxmacro/letltxmacro.s
ty
Package: letltxmacro 2019/12/03 v1.6 Let assignment for LaTeX macros (HO)
) (/Users/sauterj1/Library/TinyTeX/texmf-dist/tex/latex/auxhook/auxhook.sty
Package: auxhook 2019-12-17 v1.6 Hooks for auxiliary files (HO)
) (/Users/sauterj1/Library/TinyTeX/texmf-dist/tex/latex/kvoptions/kvoptions.sty
Package: kvoptions 2020-10-07 v3.14 Key value format for package options (HO)
)
\@linkdim=\dimen148
\Hy@linkcounter=\count199
\Hy@pagecounter=\count266
(/Users/sauterj1/Library/TinyTeX/texmf-dist/tex/latex/hyperref/pd1enc.def
File: pd1enc.def 2021-02-27 v7.00k Hyperref: PDFDocEncoding definition (HO)
Now handling font encoding PD1 ...
... no UTF-8 mapping file for font encoding PD1
)
(/Users/sauterj1/Library/TinyTeX/texmf-dist/tex/latex/hyperref/hyperref-langpat
ches.def
File: hyperref-langpatches.def 2021-02-27 v7.00k Hyperref: patches for babel la
nguages
) (/Users/sauterj1/Library/TinyTeX/texmf-dist/tex/generic/intcalc/intcalc.sty
Package: intcalc 2019/12/15 v1.3 Expandable calculations with integers (HO)
) (/Users/sauterj1/Library/TinyTeX/texmf-dist/tex/generic/etexcmds/etexcmds.sty
Package: etexcmds 2019/12/15 v1.7 Avoid name clashes with e-TeX commands (HO)
)
\Hy@SavedSpaceFactor=\count267
(/Users/sauterj1/Library/TinyTeX/texmf-dist/tex/latex/hyperref/puenc.def
File: puenc.def 2021-02-27 v7.00k Hyperref: PDF Unicode definition (HO)
Now handling font encoding PU ...
... no UTF-8 mapping file for font encoding PU
)
Package hyperref Info: Option `unicode' set `true' on input line 4073.
Package hyperref Info: Hyper figures OFF on input line 4192.
Package hyperref Info: Link nesting OFF on input line 4197.
Package hyperref Info: Hyper index ON on input line 4200.
Package hyperref Info: Plain pages OFF on input line 4207.
Package hyperref Info: Backreferencing OFF on input line 4212.
Package hyperref Info: Implicit mode ON; LaTeX internals redefined.
Package hyperref Info: Bookmarks ON on input line 4445.
\c@Hy@tempcnt=\count268
(/Users/sauterj1/Library/TinyTeX/texmf-dist/tex/latex/url/url.sty
\Urlmuskip=\muskip17
Package: url 2013/09/16  ver 3.4  Verb mode for urls, etc.
)
LaTeX Info: Redefining \url on input line 4804.
\XeTeXLinkMargin=\dimen149
(/Users/sauterj1/Library/TinyTeX/texmf-dist/tex/generic/bitset/bitset.sty
Package: bitset 2019/12/09 v1.3 Handle bit-vector datatype (HO)

(/Users/sauterj1/Library/TinyTeX/texmf-dist/tex/generic/bigintcalc/bigintcalc.s
ty
Package: bigintcalc 2019/12/15 v1.5 Expandable calculations on big integers (HO
)
))
\Fld@menulength=\count269
\Field@Width=\dimen150
\Fld@charsize=\dimen151
Package hyperref Info: Hyper figures OFF on input line 6075.
Package hyperref Info: Link nesting OFF on input line 6080.
Package hyperref Info: Hyper index ON on input line 6083.
Package hyperref Info: backreferencing OFF on input line 6090.
Package hyperref Info: Link coloring OFF on input line 6095.
Package hyperref Info: Link coloring with OCG OFF on input line 6100.
Package hyperref Info: PDF/A mode OFF on input line 6105.
LaTeX Info: Redefining \ref on input line 6145.
LaTeX Info: Redefining \pageref on input line 6149.
(/Users/sauterj1/Library/TinyTeX/texmf-dist/tex/latex/base/atbegshi-ltx.sty
Package: atbegshi-ltx 2020/08/17 v1.0a Emulation of the original atbegshi packa
ge
with kernel methods
)
\Hy@abspage=\count270
\c@Item=\count271
\c@Hfootnote=\count272
)
Package hyperref Info: Driver (autodetected): hpdftex.
(/Users/sauterj1/Library/TinyTeX/texmf-dist/tex/latex/hyperref/hpdftex.def
File: hpdftex.def 2021-02-27 v7.00k Hyperref driver for pdfTeX
(/Users/sauterj1/Library/TinyTeX/texmf-dist/tex/latex/base/atveryend-ltx.sty
Package: atveryend-ltx 2020/08/19 v1.0a Emulation of the original atvery packag
e
with kernel methods
)
\Fld@listcount=\count273
\c@bookmark@seq@number=\count274

(/Users/sauterj1/Library/TinyTeX/texmf-dist/tex/latex/rerunfilecheck/rerunfilec
heck.sty
Package: rerunfilecheck 2019/12/05 v1.9 Rerun checks for auxiliary files (HO)

(/Users/sauterj1/Library/TinyTeX/texmf-dist/tex/generic/uniquecounter/uniquecou
nter.sty
Package: uniquecounter 2019/12/15 v1.4 Provide unlimited unique counter (HO)
)
Package uniquecounter Info: New unique counter `rerunfilecheck' on input line 2
86.
)
\Hy@SectionHShift=\skip52
) (/Users/sauterj1/Library/TinyTeX/texmf-dist/tex/latex/geometry/geometry.sty
Package: geometry 2020/01/02 v5.9 Page Geometry
(/Users/sauterj1/Library/TinyTeX/texmf-dist/tex/generic/iftex/ifvtex.sty
Package: ifvtex 2019/10/25 v1.7 ifvtex legacy package. Use iftex instead.
)
\Gm@cnth=\count275
\Gm@cntv=\count276
\c@Gm@tempcnt=\count277
\Gm@bindingoffset=\dimen152
\Gm@wd@mp=\dimen153
\Gm@odd@mp=\dimen154
\Gm@even@mp=\dimen155
\Gm@layoutwidth=\dimen156
\Gm@layoutheight=\dimen157
\Gm@layouthoffset=\dimen158
\Gm@layoutvoffset=\dimen159
\Gm@dimlist=\toks23
) (/Users/sauterj1/Library/TinyTeX/texmf-dist/tex/latex/fancyvrb/fancyvrb.sty
Package: fancyvrb 2021/01/20 v3.7 verbatim text (tvz,hv)
\FV@CodeLineNo=\count278
\FV@InFile=\read2
\FV@TabBox=\box49
\c@FancyVerbLine=\count279
\FV@StepNumber=\count280
\FV@OutFile=\write3
) (/Users/sauterj1/Library/TinyTeX/texmf-dist/tex/latex/framed/framed.sty
Package: framed 2011/10/22 v 0.96: framed or shaded text with page breaks
\OuterFrameSep=\skip53
\fb@frw=\dimen160
\fb@frh=\dimen161
\FrameRule=\dimen162
\FrameSep=\dimen163
) (/Users/sauterj1/Library/TinyTeX/texmf-dist/tex/latex/tools/longtable.sty
Package: longtable 2020/01/07 v4.13 Multi-page Table package (DPC)
\LTleft=\skip54
\LTright=\skip55
\LTpre=\skip56
\LTpost=\skip57
\LTchunksize=\count281
\LTcapwidth=\dimen164
\LT@head=\box50
\LT@firsthead=\box51
\LT@foot=\box52
\LT@lastfoot=\box53
\LT@cols=\count282
\LT@rows=\count283
\c@LT@tables=\count284
\c@LT@chunks=\count285
\LT@p@ftn=\toks24
) (/Users/sauterj1/Library/TinyTeX/texmf-dist/tex/latex/booktabs/booktabs.sty
Package: booktabs 2020/01/12 v1.61803398 Publication quality tables
\heavyrulewidth=\dimen165
\lightrulewidth=\dimen166
\cmidrulewidth=\dimen167
\belowrulesep=\dimen168
\belowbottomsep=\dimen169
\aboverulesep=\dimen170
\abovetopsep=\dimen171
\cmidrulesep=\dimen172
\cmidrulekern=\dimen173
\defaultaddspace=\dimen174
\@cmidla=\count286
\@cmidlb=\count287
\@aboverulesep=\dimen175
\@belowrulesep=\dimen176
\@thisruleclass=\count288
\@lastruleclass=\count289
\@thisrulewidth=\dimen177
) (/Users/sauterj1/Library/TinyTeX/texmf-dist/tex/latex/tools/array.sty
Package: array 2020/10/01 v2.5c Tabular extension package (FMi)
\col@sep=\dimen178
\ar@mcellbox=\box54
\extrarowheight=\dimen179
\NC@list=\toks25
\extratabsurround=\skip58
\backup@length=\skip59
\ar@cellbox=\box55
) (/Users/sauterj1/Library/TinyTeX/texmf-dist/tex/latex/tools/calc.sty
Package: calc 2017/05/25 v4.3 Infix arithmetic (KKT,FJ)
\calc@Acount=\count290
\calc@Bcount=\count291
\calc@Adimen=\dimen180
\calc@Bdimen=\dimen181
\calc@Askip=\skip60
\calc@Bskip=\skip61
LaTeX Info: Redefining \setlength on input line 80.
LaTeX Info: Redefining \addtolength on input line 81.
\calc@Ccount=\count292
\calc@Cskip=\skip62
) (/Users/sauterj1/Library/TinyTeX/texmf-dist/tex/latex/etoolbox/etoolbox.sty
Package: etoolbox 2020/10/05 v2.5k e-TeX tools for LaTeX (JAW)
\etb@tempcnta=\count293
) (/Users/sauterj1/Library/TinyTeX/texmf-dist/tex/latex/mdwtools/footnote.sty
Package: footnote 1997/01/28 1.13 Save footnotes around boxes
\fn@notes=\box56
\fn@width=\dimen182
) (/Users/sauterj1/Library/TinyTeX/texmf-dist/tex/latex/graphics/graphicx.sty
Package: graphicx 2020/09/09 v1.2b Enhanced LaTeX Graphics (DPC,SPQR)
(/Users/sauterj1/Library/TinyTeX/texmf-dist/tex/latex/graphics/graphics.sty
Package: graphics 2020/08/30 v1.4c Standard LaTeX Graphics (DPC,SPQR)
(/Users/sauterj1/Library/TinyTeX/texmf-dist/tex/latex/graphics/trig.sty
Package: trig 2016/01/03 v1.10 sin cos tan (DPC)
)
(/Users/sauterj1/Library/TinyTeX/texmf-dist/tex/latex/graphics-cfg/graphics.cfg
File: graphics.cfg 2016/06/04 v1.11 sample graphics configuration
)
Package graphics Info: Driver file: pdftex.def on input line 105.
)
\Gin@req@height=\dimen183
\Gin@req@width=\dimen184
) (/Users/sauterj1/Library/TinyTeX/texmf-dist/tex/latex/titling/titling.sty
Package: titling 2009/09/04 v2.1d maketitle typesetting
\thanksmarkwidth=\skip63
\thanksmargin=\skip64
\droptitle=\skip65
) (/Users/sauterj1/Library/TinyTeX/texmf-dist/tex/latex/multirow/multirow.sty
Package: multirow 2021/03/15 v2.8 Span multiple rows of a table
\multirow@colwidth=\skip66
\multirow@cntb=\count294
\multirow@dima=\skip67
\bigstrutjot=\dimen185
) (/Users/sauterj1/Library/TinyTeX/texmf-dist/tex/latex/wrapfig/wrapfig.sty
\wrapoverhang=\dimen186
\WF@size=\dimen187
\c@WF@wrappedlines=\count295
\WF@box=\box57
\WF@everypar=\toks26
Package: wrapfig 2003/01/31  v 3.6
) (/Users/sauterj1/Library/TinyTeX/texmf-dist/tex/latex/float/float.sty
Package: float 2001/11/08 v1.3d Float enhancements (AL)
\c@float@type=\count296
\float@exts=\toks27
\float@box=\box58
\@float@everytoks=\toks28
\@floatcapt=\box59
) (/Users/sauterj1/Library/TinyTeX/texmf-dist/tex/latex/colortbl/colortbl.sty
Package: colortbl 2020/01/04 v1.0e Color table columns (DPC)
\everycr=\toks29
\minrowclearance=\skip68
) (/Users/sauterj1/Library/TinyTeX/texmf-dist/tex/latex/pdflscape/pdflscape.sty
Package: pdflscape 2019/12/05 v0.12 Display of landscape pages in PDF (HO)
(/Users/sauterj1/Library/TinyTeX/texmf-dist/tex/latex/graphics/lscape.sty
Package: lscape 2020/05/28 v3.02 Landscape Pages (DPC)
)
Package pdflscape Info: Auto-detected driver: pdftex on input line 81.
) (/Users/sauterj1/Library/TinyTeX/texmf-dist/tex/latex/tabu/tabu.sty
Package: tabu 2019/01/11 v2.9 - flexible LaTeX tabulars (FC+tabu-fixed)
(/Users/sauterj1/Library/TinyTeX/texmf-dist/tex/latex/varwidth/varwidth.sty
Package: varwidth 2009/03/30 ver 0.92;  Variable-width minipages
\@vwid@box=\box60
\sift@deathcycles=\count297
\@vwid@loff=\dimen188
\@vwid@roff=\dimen189
)
\c@taburow=\count298
\tabu@nbcols=\count299
\tabu@cnt=\count300
\tabu@Xcol=\count301
\tabu@alloc=\count302
\tabu@nested=\count303
\tabu@target=\dimen190
\tabu@spreadtarget=\dimen191
\tabu@naturalX=\dimen192
\tabucolX=\dimen193
\tabu@Xsum=\dimen194
\extrarowdepth=\dimen195
\abovetabulinesep=\dimen196
\belowtabulinesep=\dimen197
\tabustrutrule=\dimen198
\tabu@thebody=\toks30
\tabu@footnotes=\toks31
\tabu@box=\box61
\tabu@arstrutbox=\box62
\tabu@hleads=\box63
\tabu@vleads=\box64
\tabu@cellskip=\skip69
)
(/Users/sauterj1/Library/TinyTeX/texmf-dist/tex/latex/threeparttable/threepartt
able.sty
Package: threeparttable 2003/06/13  v 3.0
\@tempboxb=\box65
)
(/Users/sauterj1/Library/TinyTeX/texmf-dist/tex/latex/threeparttablex/threepart
tablex.sty
Package: threeparttablex 2013/07/23 v0.3 by daleif
(/Users/sauterj1/Library/TinyTeX/texmf-dist/tex/latex/environ/environ.sty
Package: environ 2014/05/04 v0.3 A new way to define environments

(/Users/sauterj1/Library/TinyTeX/texmf-dist/tex/latex/trimspaces/trimspaces.sty
Package: trimspaces 2009/09/17 v1.1 Trim spaces around a token list
))
\TPTL@width=\skip70
) (/Users/sauterj1/Library/TinyTeX/texmf-dist/tex/generic/ulem/ulem.sty
\UL@box=\box66
\UL@hyphenbox=\box67
\UL@skip=\skip71
\UL@hook=\toks32
\UL@height=\dimen199
\UL@pe=\count304
\UL@pixel=\dimen256
\ULC@box=\box68
Package: ulem 2019/11/18
\ULdepth=\dimen257
) (/Users/sauterj1/Library/TinyTeX/texmf-dist/tex/latex/makecell/makecell.sty
Package: makecell 2009/08/03 V0.1e Managing of Tab Column Heads and Cells
\rotheadsize=\dimen258
\c@nlinenum=\count305
\TeXr@lab=\toks33
)
(/Users/sauterj1/Library/TinyTeX/texmf-dist/tex/latex/l3backend/l3backend-pdfte
x.def
File: l3backend-pdftex.def 2021-05-07 L3 backend support: PDF output (pdfTeX)
\l__color_backend_stack_int=\count306
\l__pdf_internal_box=\box69
)

LaTeX Warning: Unused global option(s):
    [10.5pt].

(./jake_sauter_final_report.aux)
\openout1 = `jake_sauter_final_report.aux'.

LaTeX Font Info:    Checking defaults for OML/cmm/m/it on input line 137.
LaTeX Font Info:    ... okay on input line 137.
LaTeX Font Info:    Checking defaults for OMS/cmsy/m/n on input line 137.
LaTeX Font Info:    ... okay on input line 137.
LaTeX Font Info:    Checking defaults for OT1/cmr/m/n on input line 137.
LaTeX Font Info:    ... okay on input line 137.
LaTeX Font Info:    Checking defaults for T1/cmr/m/n on input line 137.
LaTeX Font Info:    ... okay on input line 137.
LaTeX Font Info:    Checking defaults for TS1/cmr/m/n on input line 137.
LaTeX Font Info:    ... okay on input line 137.
LaTeX Font Info:    Checking defaults for OMX/cmex/m/n on input line 137.
LaTeX Font Info:    ... okay on input line 137.
LaTeX Font Info:    Checking defaults for U/cmr/m/n on input line 137.
LaTeX Font Info:    ... okay on input line 137.
LaTeX Font Info:    Checking defaults for PD1/pdf/m/n on input line 137.
LaTeX Font Info:    ... okay on input line 137.
LaTeX Font Info:    Checking defaults for PU/pdf/m/n on input line 137.
LaTeX Font Info:    ... okay on input line 137.

(/Users/sauterj1/Library/TinyTeX/texmf-dist/tex/latex/epstopdf-pkg/epstopdf-bas
e.sty
Package: epstopdf-base 2020-01-24 v2.11 Base part for package epstopdf
Package epstopdf-base Info: Redefining graphics rule for `.eps' on input line 4
85.

(/Users/sauterj1/Library/TinyTeX/texmf-dist/tex/latex/latexconfig/epstopdf-sys.
cfg
File: epstopdf-sys.cfg 2010/07/13 v1.3 Configuration of (r)epstopdf for TeX Liv
e
))
Package hyperref Info: Link coloring OFF on input line 137.
(/Users/sauterj1/Library/TinyTeX/texmf-dist/tex/latex/hyperref/nameref.sty
Package: nameref 2021-04-02 v2.47 Cross-referencing by name of section
(/Users/sauterj1/Library/TinyTeX/texmf-dist/tex/latex/refcount/refcount.sty
Package: refcount 2019/12/15 v3.6 Data extraction from label references (HO)
)
(/Users/sauterj1/Library/TinyTeX/texmf-dist/tex/generic/gettitlestring/gettitle
string.sty
Package: gettitlestring 2019/12/15 v1.6 Cleanup title references (HO)
)
\c@section@level=\count307
)
LaTeX Info: Redefining \ref on input line 137.
LaTeX Info: Redefining \pageref on input line 137.
LaTeX Info: Redefining \nameref on input line 137.
(./jake_sauter_final_report.out) (./jake_sauter_final_report.out)
\@outlinefile=\write4
\openout4 = `jake_sauter_final_report.out'.

*geometry* driver: auto-detecting
*geometry* detected driver: pdftex
*geometry* verbose mode - [ preamble ] result:
* driver: pdftex
* paper: <default>
* layout: <same size as paper>
* layoutoffset:(h,v)=(0.0pt,0.0pt)
* modes: 
* h-part:(L,W,R)=(61.42993pt, 491.43513pt, 61.42993pt)
* v-part:(T,H,B)=(61.42993pt, 672.11012pt, 61.42993pt)
* \paperwidth=614.295pt
* \paperheight=794.96999pt
* \textwidth=491.43513pt
* \textheight=672.11012pt
* \oddsidemargin=-10.84006pt
* \evensidemargin=-10.84006pt
* \topmargin=-47.84006pt
* \headheight=12.0pt
* \headsep=25.0pt
* \topskip=10.0pt
* \footskip=30.0pt
* \marginparwidth=65.0pt
* \marginparsep=11.0pt
* \columnsep=10.0pt
* \skip\footins=9.0pt plus 4.0pt minus 2.0pt
* \hoffset=0.0pt
* \voffset=0.0pt
* \mag=1000
* \@twocolumnfalse
* \@twosidefalse
* \@mparswitchfalse
* \@reversemarginfalse
* (1in=72.27pt=25.4mm, 1cm=28.453pt)

LaTeX Font Info:    Trying to load font information for OT1+lmr on input line 1
38.
(/Users/sauterj1/Library/TinyTeX/texmf-dist/tex/latex/lm/ot1lmr.fd
File: ot1lmr.fd 2015/05/01 v1.6.1 Font defs for Latin Modern
)
LaTeX Font Info:    Trying to load font information for OML+lmm on input line 1
38.
(/Users/sauterj1/Library/TinyTeX/texmf-dist/tex/latex/lm/omllmm.fd
File: omllmm.fd 2015/05/01 v1.6.1 Font defs for Latin Modern
)
LaTeX Font Info:    Trying to load font information for OMS+lmsy on input line 
138.
(/Users/sauterj1/Library/TinyTeX/texmf-dist/tex/latex/lm/omslmsy.fd
File: omslmsy.fd 2015/05/01 v1.6.1 Font defs for Latin Modern
)
LaTeX Font Info:    Trying to load font information for OMX+lmex on input line 
138.
(/Users/sauterj1/Library/TinyTeX/texmf-dist/tex/latex/lm/omxlmex.fd
File: omxlmex.fd 2015/05/01 v1.6.1 Font defs for Latin Modern
)
LaTeX Font Info:    External font `lmex10' loaded for size
(Font)              <12> on input line 138.
LaTeX Font Info:    External font `lmex10' loaded for size
(Font)              <8> on input line 138.
LaTeX Font Info:    External font `lmex10' loaded for size
(Font)              <6> on input line 138.
LaTeX Font Info:    Trying to load font information for U+msa on input line 138
.
(/Users/sauterj1/Library/TinyTeX/texmf-dist/tex/latex/amsfonts/umsa.fd
File: umsa.fd 2013/01/14 v3.01 AMS symbols A
)
LaTeX Font Info:    Trying to load font information for U+msb on input line 138
.
(/Users/sauterj1/Library/TinyTeX/texmf-dist/tex/latex/amsfonts/umsb.fd
File: umsb.fd 2013/01/14 v3.01 AMS symbols B
)
LaTeX Font Info:    External font `lmex10' loaded for size
(Font)              <10> on input line 170.
LaTeX Font Info:    External font `lmex10' loaded for size
(Font)              <7> on input line 170.
LaTeX Font Info:    External font `lmex10' loaded for size
(Font)              <5> on input line 170.
[1

{/Users/sauterj1/Library/TinyTeX/texmf-var/fonts/map/pdftex/updmap/pdftex.map}]
LaTeX Font Info:    Trying to load font information for T1+lmtt on input line 2
59.
(/Users/sauterj1/Library/TinyTeX/texmf-dist/tex/latex/lm/t1lmtt.fd
File: t1lmtt.fd 2015/05/01 v1.6.1 Font defs for Latin Modern
)

LaTeX Warning: `!h' float specifier changed to `!ht'.

<jake_sauter_final_report_files/figure-latex/unnamed-chunk-7-1.pdf, id=98, 469.
755pt x 252.945pt>
File: jake_sauter_final_report_files/figure-latex/unnamed-chunk-7-1.pdf Graphic
 file (type pdf)
<use jake_sauter_final_report_files/figure-latex/unnamed-chunk-7-1.pdf>
Package pdftex.def Info: jake_sauter_final_report_files/figure-latex/unnamed-ch
unk-7-1.pdf  used on input line 347.
(pdftex.def)             Requested size: 469.75386pt x 252.94438pt.
[2pdfTeX warning (ext4): destination with the same identifier (name{table.1}) h
as been already used, duplicate ignored
<argument> ...shipout:D \box_use:N \l_shipout_box 
                                                  
l.363 
      pdfTeX warning (ext4): destination with the same identifier (name{table.2
}) has been already used, duplicate ignored
<argument> ...shipout:D \box_use:N \l_shipout_box 
                                                  
l.363 
      ]
<jake_sauter_final_report_files/figure-latex/unnamed-chunk-8-1.pdf, id=111, 469
.755pt x 144.54pt>
File: jake_sauter_final_report_files/figure-latex/unnamed-chunk-8-1.pdf Graphic
 file (type pdf)
<use jake_sauter_final_report_files/figure-latex/unnamed-chunk-8-1.pdf>
Package pdftex.def Info: jake_sauter_final_report_files/figure-latex/unnamed-ch
unk-8-1.pdf  used on input line 366.
(pdftex.def)             Requested size: 469.75386pt x 144.53963pt.
<jake_sauter_final_report_files/figure-latex/unnamed-chunk-10-1.pdf, id=112, 46
9.755pt x 325.215pt>
File: jake_sauter_final_report_files/figure-latex/unnamed-chunk-10-1.pdf Graphi
c file (type pdf)
<use jake_sauter_final_report_files/figure-latex/unnamed-chunk-10-1.pdf>
Package pdftex.def Info: jake_sauter_final_report_files/figure-latex/unnamed-ch
unk-10-1.pdf  used on input line 388.
(pdftex.def)             Requested size: 469.75386pt x 325.2142pt.
[3pdfTeX warning (ext4): destination with the same identifier (name{table.3}) h
as been already used, duplicate ignored
<argument> ...shipout:D \box_use:N \l_shipout_box 
                                                  
l.403 
      pdfTeX warning (ext4): destination with the same identifier (name{figure.
1}) has been already used, duplicate ignored
<argument> ...shipout:D \box_use:N \l_shipout_box 
                                                  
l.403 
       <./jake_sauter_final_report_files/figure-latex/unnamed-chunk-7-1.pdf>] [
4pdfTeX warning (ext4): destination with the same identifier (name{figure.2}) h
as been already used, duplicate ignored
<argument> ...shipout:D \box_use:N \l_shipout_box 
                                                  
l.403 
      pdfTeX warning (ext4): destination with the same identifier (name{figure.
3}) has been already used, duplicate ignored
<argument> ...shipout:D \box_use:N \l_shipout_box 
                                                  
l.403 
       <./jake_sauter_final_report_files/figure-latex/unnamed-chunk-8-1.pdf> <.
/jake_sauter_final_report_files/figure-latex/unnamed-chunk-10-1.pdf>]
<jake_sauter_final_report_files/figure-latex/unnamed-chunk-14-1.pdf, id=142, 46
9.755pt x 216.81pt>
File: jake_sauter_final_report_files/figure-latex/unnamed-chunk-14-1.pdf Graphi
c file (type pdf)
<use jake_sauter_final_report_files/figure-latex/unnamed-chunk-14-1.pdf>
Package pdftex.def Info: jake_sauter_final_report_files/figure-latex/unnamed-ch
unk-14-1.pdf  used on input line 415.
(pdftex.def)             Requested size: 469.75386pt x 216.80946pt.
<jake_sauter_final_report_files/figure-latex/unnamed-chunk-16-1.pdf, id=143, 46
9.755pt x 252.945pt>
File: jake_sauter_final_report_files/figure-latex/unnamed-chunk-16-1.pdf Graphi
c file (type pdf)
<use jake_sauter_final_report_files/figure-latex/unnamed-chunk-16-1.pdf>
Package pdftex.def Info: jake_sauter_final_report_files/figure-latex/unnamed-ch
unk-16-1.pdf  used on input line 429.
(pdftex.def)             Requested size: 469.75386pt x 252.94438pt.
<jake_sauter_final_report_files/figure-latex/unnamed-chunk-17-1.pdf, id=144, 46
9.755pt x 180.675pt>
File: jake_sauter_final_report_files/figure-latex/unnamed-chunk-17-1.pdf Graphi
c file (type pdf)
<use jake_sauter_final_report_files/figure-latex/unnamed-chunk-17-1.pdf>
Package pdftex.def Info: jake_sauter_final_report_files/figure-latex/unnamed-ch
unk-17-1.pdf  used on input line 439.
(pdftex.def)             Requested size: 469.75386pt x 180.67455pt.
<jake_sauter_final_report_files/figure-latex/unnamed-chunk-20-1.pdf, id=145, 46
9.755pt x 216.81pt>
File: jake_sauter_final_report_files/figure-latex/unnamed-chunk-20-1.pdf Graphi
c file (type pdf)
<use jake_sauter_final_report_files/figure-latex/unnamed-chunk-20-1.pdf>
Package pdftex.def Info: jake_sauter_final_report_files/figure-latex/unnamed-ch
unk-20-1.pdf  used on input line 467.
(pdftex.def)             Requested size: 469.75386pt x 216.80946pt.
[5pdfTeX warning (ext4): destination with the same identifier (name{figure.4}) 
has been already used, duplicate ignored
<argument> ...shipout:D \box_use:N \l_shipout_box 
                                                  
l.469 \end{figure}
                   <./jake_sauter_final_report_files/figure-latex/unnamed-chunk
-14-1.pdf>] [6pdfTeX warning (ext4): destination with the same identifier (name
{figure.5}) has been already used, duplicate ignored
<argument> ...shipout:D \box_use:N \l_shipout_box 
                                                  
l.469 \end{figure}
                  pdfTeX warning (ext4): destination with the same identifier (
name{figure.6}) has been already used, duplicate ignored
<argument> ...shipout:D \box_use:N \l_shipout_box 
                                                  
l.469 \end{figure}
                   <./jake_sauter_final_report_files/figure-latex/unnamed-chunk
-16-1.pdf> <./jake_sauter_final_report_files/figure-latex/unnamed-chunk-17-1.pd
f>]
<jake_sauter_final_report_files/figure-latex/unnamed-chunk-21-1.pdf, id=177, 46
9.755pt x 252.945pt>
File: jake_sauter_final_report_files/figure-latex/unnamed-chunk-21-1.pdf Graphi
c file (type pdf)
<use jake_sauter_final_report_files/figure-latex/unnamed-chunk-21-1.pdf>
Package pdftex.def Info: jake_sauter_final_report_files/figure-latex/unnamed-ch
unk-21-1.pdf  used on input line 481.
(pdftex.def)             Requested size: 469.75386pt x 252.94438pt.
<jake_sauter_final_report_files/figure-latex/unnamed-chunk-22-1.pdf, id=178, 46
9.755pt x 180.675pt>
File: jake_sauter_final_report_files/figure-latex/unnamed-chunk-22-1.pdf Graphi
c file (type pdf)
<use jake_sauter_final_report_files/figure-latex/unnamed-chunk-22-1.pdf>
Package pdftex.def Info: jake_sauter_final_report_files/figure-latex/unnamed-ch
unk-22-1.pdf  used on input line 492.
(pdftex.def)             Requested size: 469.75386pt x 180.67455pt.
[7pdfTeX warning (ext4): destination with the same identifier (name{figure.7}) 
has been already used, duplicate ignored
<argument> ...shipout:D \box_use:N \l_shipout_box 
                                                  
l.496 \newpage
               <./jake_sauter_final_report_files/figure-latex/unnamed-chunk-20-
1.pdf>] [8pdfTeX warning (ext4): destination with the same identifier (name{fig
ure.8}) has been already used, duplicate ignored
<argument> ...shipout:D \box_use:N \l_shipout_box 
                                                  
l.496 \newpage
              pdfTeX warning (ext4): destination with the same identifier (name
{figure.9}) has been already used, duplicate ignored
<argument> ...shipout:D \box_use:N \l_shipout_box 
                                                  
l.496 \newpage
               <./jake_sauter_final_report_files/figure-latex/unnamed-chunk-21-
1.pdf> <./jake_sauter_final_report_files/figure-latex/unnamed-chunk-22-1.pdf>] 
[9] (./jake_sauter_final_report.aux)
Package rerunfilecheck Info: File `jake_sauter_final_report.out' has not change
d.
(rerunfilecheck)             Checksum: 1CBCE2655858E9491129B06B511DB6A2;2805.
 ) 
Here is how much of TeX's memory you used:
 12666 strings out of 480806
 187804 string characters out of 5904033
 505547 words of memory out of 5000000
 29717 multiletter control sequences out of 15000+600000
 443143 words of font info for 65 fonts, out of 8000000 for 9000
 14 hyphenation exceptions out of 8191
 60i,9n,63p,343b,359s stack positions out of 5000i,500n,10000p,200000b,80000s
{/Users/sauterj1/Library/TinyTeX/texmf-dist/fonts/enc/dvips/lm/lm-ec.enc}{/Us
ers/sauterj1/Library/TinyTeX/texmf-dist/fonts/enc/dvips/lm/lm-mathsy.enc}{/User
s/sauterj1/Library/TinyTeX/texmf-dist/fonts/enc/dvips/lm/lm-rm.enc}{/Users/saut
erj1/Library/TinyTeX/texmf-dist/fonts/enc/dvips/lm/lm-mathit.enc}</Users/sauter
j1/Library/TinyTeX/texmf-dist/fonts/type1/public/lm/lmbx10.pfb></Users/sauterj1
/Library/TinyTeX/texmf-dist/fonts/type1/public/lm/lmbx12.pfb></Users/sauterj1/L
ibrary/TinyTeX/texmf-dist/fonts/type1/public/lm/lmmi10.pfb></Users/sauterj1/Lib
rary/TinyTeX/texmf-dist/fonts/type1/public/lm/lmmi7.pfb></Users/sauterj1/Librar
y/TinyTeX/texmf-dist/fonts/type1/public/lm/lmr10.pfb></Users/sauterj1/Library/T
inyTeX/texmf-dist/fonts/type1/public/lm/lmr12.pfb></Users/sauterj1/Library/Tiny
TeX/texmf-dist/fonts/type1/public/lm/lmr17.pfb></Users/sauterj1/Library/TinyTeX
/texmf-dist/fonts/type1/public/lm/lmr7.pfb></Users/sauterj1/Library/TinyTeX/tex
mf-dist/fonts/type1/public/lm/lmsy10.pfb></Users/sauterj1/Library/TinyTeX/texmf
-dist/fonts/type1/public/lm/lmtt10.pfb>
Output written on jake_sauter_final_report.pdf (9 pages, 25969848 bytes).
PDF statistics:
 273 PDF objects out of 1000 (max. 8388607)
 231 compressed objects within 3 object streams
 59 named destinations out of 1000 (max. 500000)
 190 words of extra memory for PDF output out of 10000 (max. 10000000)

